================================================================
Program: CD-HIT, V4.7 (+OpenMP), Sep 06 2018, 09:36:42
Command: /data5/data/NGS-ann-project/apps/cd-hit/cd-hit -i
         1593999798.fas.0 -d 0 -o 1593999798.fas.1 -c 0.4 -n 2
         -G 1 -g 1 -b 20 -l 10 -s 0.0 -aL 0.0 -aS 0.0 -T 4 -M
         32000

Started: Sun Jul  5 18:43:39 2020
================================================================
                            Output                              
----------------------------------------------------------------
total seq: 187
longest and shortest : 3500 and 16
Total letters: 76909
Sequences have been sorted

Approximated minimal memory consumption:
Sequence        : 0M
Buffer          : 4 X 11M = 44M
Table           : 2 X 0M = 0M
Miscellaneous   : 0M
Total           : 45M

Table limit with the given memory limit:
Max number of representatives: 4000000
Max number of word counting entries: 3994365890

# comparing sequences from          0  to        187
---------- new table with      114 representatives

      187  finished        114  clusters

Apprixmated maximum memory consumption: 45M
writing new database
writing clustering information
program completed !

Total CPU time 0.85
